[2023-06-07 00:20:19Z INFO HostContext] No proxy settings were found based on environmental variables (http_proxy/https_proxy/HTTP_PROXY/HTTPS_PROXY)
[2023-06-07 00:20:19Z INFO HostContext] Well known directory 'Bin': 'C:\Users\Public\Documents\aaaSummer2023\cbr-platform-github\test\gh-deploy-stg\deploy-staging\bin'
[2023-06-07 00:20:19Z INFO HostContext] Well known directory 'Root': 'C:\Users\Public\Documents\aaaSummer2023\cbr-platform-github\test\gh-deploy-stg\deploy-staging'
[2023-06-07 00:20:19Z INFO HostContext] Well known config file 'Credentials': 'C:\Users\Public\Documents\aaaSummer2023\cbr-platform-github\test\gh-deploy-stg\deploy-staging\.credentials'
[2023-06-07 00:20:19Z INFO HostContext] Well known directory 'Bin': 'C:\Users\Public\Documents\aaaSummer2023\cbr-platform-github\test\gh-deploy-stg\deploy-staging\bin'
[2023-06-07 00:20:19Z INFO HostContext] Well known directory 'Root': 'C:\Users\Public\Documents\aaaSummer2023\cbr-platform-github\test\gh-deploy-stg\deploy-staging'
[2023-06-07 00:20:19Z INFO HostContext] Well known config file 'Runner': 'C:\Users\Public\Documents\aaaSummer2023\cbr-platform-github\test\gh-deploy-stg\deploy-staging\.runner'
[2023-06-07 00:20:19Z INFO Listener] Runner is built for Windows (X64) - win-x64.
[2023-06-07 00:20:19Z INFO Listener] RuntimeInformation: Microsoft Windows 10.0.19045.
[2023-06-07 00:20:19Z INFO Listener] Version: 2.304.0
[2023-06-07 00:20:19Z INFO Listener] Commit: 9ef4121b5b31ee5c03b7770288213d741081f747
[2023-06-07 00:20:19Z INFO Listener] Culture: en-CA
[2023-06-07 00:20:19Z INFO Listener] UI Culture: en-US
[2023-06-07 00:20:19Z INFO HostContext] Well known directory 'Bin': 'C:\Users\Public\Documents\aaaSummer2023\cbr-platform-github\test\gh-deploy-stg\deploy-staging\bin'
[2023-06-07 00:20:19Z INFO HostContext] Well known directory 'Root': 'C:\Users\Public\Documents\aaaSummer2023\cbr-platform-github\test\gh-deploy-stg\deploy-staging'
[2023-06-07 00:20:19Z INFO Listener] Validating directory permissions for: 'C:\Users\Public\Documents\aaaSummer2023\cbr-platform-github\test\gh-deploy-stg\deploy-staging'
[2023-06-07 00:20:19Z INFO CommandLineParser] Parse
[2023-06-07 00:20:19Z INFO CommandLineParser] Parsing 5 args
[2023-06-07 00:20:19Z INFO CommandLineParser] parsing argument
[2023-06-07 00:20:19Z INFO CommandLineParser] HasArgs: False
[2023-06-07 00:20:19Z INFO CommandLineParser] Adding Command: configure
[2023-06-07 00:20:19Z INFO CommandLineParser] parsing argument
[2023-06-07 00:20:19Z INFO CommandLineParser] HasArgs: True
[2023-06-07 00:20:19Z INFO CommandLineParser] arg: url
[2023-06-07 00:20:19Z INFO CommandLineParser] parsing argument
[2023-06-07 00:20:19Z INFO CommandLineParser] HasArgs: True
[2023-06-07 00:20:19Z INFO CommandLineParser] Adding option 'url': 'https://github.com/vbui512/test'
[2023-06-07 00:20:19Z INFO CommandLineParser] parsing argument
[2023-06-07 00:20:19Z INFO CommandLineParser] HasArgs: True
[2023-06-07 00:20:19Z INFO CommandLineParser] arg: token
[2023-06-07 00:20:19Z INFO CommandLineParser] parsing argument
[2023-06-07 00:20:19Z INFO CommandLineParser] HasArgs: True
[2023-06-07 00:20:19Z INFO CommandLineParser] Adding option 'token': '***'
[2023-06-07 00:20:19Z INFO Listener] Arguments parsed
[2023-06-07 00:20:19Z INFO Runner] ExecuteCommand
[2023-06-07 00:20:19Z INFO ConfigurationStore] currentAssemblyLocation: C:\Users\Public\Documents\aaaSummer2023\cbr-platform-github\test\gh-deploy-stg\deploy-staging\bin\Runner.Listener.dll
[2023-06-07 00:20:19Z INFO HostContext] Well known directory 'Bin': 'C:\Users\Public\Documents\aaaSummer2023\cbr-platform-github\test\gh-deploy-stg\deploy-staging\bin'
[2023-06-07 00:20:19Z INFO ConfigurationStore] binPath: C:\Users\Public\Documents\aaaSummer2023\cbr-platform-github\test\gh-deploy-stg\deploy-staging\bin
[2023-06-07 00:20:19Z INFO HostContext] Well known directory 'Bin': 'C:\Users\Public\Documents\aaaSummer2023\cbr-platform-github\test\gh-deploy-stg\deploy-staging\bin'
[2023-06-07 00:20:19Z INFO HostContext] Well known directory 'Root': 'C:\Users\Public\Documents\aaaSummer2023\cbr-platform-github\test\gh-deploy-stg\deploy-staging'
[2023-06-07 00:20:19Z INFO ConfigurationStore] RootFolder: C:\Users\Public\Documents\aaaSummer2023\cbr-platform-github\test\gh-deploy-stg\deploy-staging
[2023-06-07 00:20:19Z INFO HostContext] Well known directory 'Bin': 'C:\Users\Public\Documents\aaaSummer2023\cbr-platform-github\test\gh-deploy-stg\deploy-staging\bin'
[2023-06-07 00:20:19Z INFO HostContext] Well known directory 'Root': 'C:\Users\Public\Documents\aaaSummer2023\cbr-platform-github\test\gh-deploy-stg\deploy-staging'
[2023-06-07 00:20:19Z INFO HostContext] Well known config file 'Runner': 'C:\Users\Public\Documents\aaaSummer2023\cbr-platform-github\test\gh-deploy-stg\deploy-staging\.runner'
[2023-06-07 00:20:19Z INFO ConfigurationStore] ConfigFilePath: C:\Users\Public\Documents\aaaSummer2023\cbr-platform-github\test\gh-deploy-stg\deploy-staging\.runner
[2023-06-07 00:20:19Z INFO HostContext] Well known directory 'Bin': 'C:\Users\Public\Documents\aaaSummer2023\cbr-platform-github\test\gh-deploy-stg\deploy-staging\bin'
[2023-06-07 00:20:19Z INFO HostContext] Well known directory 'Root': 'C:\Users\Public\Documents\aaaSummer2023\cbr-platform-github\test\gh-deploy-stg\deploy-staging'
[2023-06-07 00:20:19Z INFO HostContext] Well known config file 'Credentials': 'C:\Users\Public\Documents\aaaSummer2023\cbr-platform-github\test\gh-deploy-stg\deploy-staging\.credentials'
[2023-06-07 00:20:19Z INFO ConfigurationStore] CredFilePath: C:\Users\Public\Documents\aaaSummer2023\cbr-platform-github\test\gh-deploy-stg\deploy-staging\.credentials
[2023-06-07 00:20:19Z INFO HostContext] Well known directory 'Bin': 'C:\Users\Public\Documents\aaaSummer2023\cbr-platform-github\test\gh-deploy-stg\deploy-staging\bin'
[2023-06-07 00:20:19Z INFO HostContext] Well known directory 'Root': 'C:\Users\Public\Documents\aaaSummer2023\cbr-platform-github\test\gh-deploy-stg\deploy-staging'
[2023-06-07 00:20:19Z INFO HostContext] Well known config file 'MigratedCredentials': 'C:\Users\Public\Documents\aaaSummer2023\cbr-platform-github\test\gh-deploy-stg\deploy-staging\.credentials_migrated'
[2023-06-07 00:20:19Z INFO ConfigurationStore] MigratedCredFilePath: C:\Users\Public\Documents\aaaSummer2023\cbr-platform-github\test\gh-deploy-stg\deploy-staging\.credentials_migrated
[2023-06-07 00:20:19Z INFO HostContext] Well known directory 'Bin': 'C:\Users\Public\Documents\aaaSummer2023\cbr-platform-github\test\gh-deploy-stg\deploy-staging\bin'
[2023-06-07 00:20:19Z INFO HostContext] Well known directory 'Root': 'C:\Users\Public\Documents\aaaSummer2023\cbr-platform-github\test\gh-deploy-stg\deploy-staging'
[2023-06-07 00:20:19Z INFO HostContext] Well known config file 'Service': 'C:\Users\Public\Documents\aaaSummer2023\cbr-platform-github\test\gh-deploy-stg\deploy-staging\.service'
[2023-06-07 00:20:19Z INFO ConfigurationStore] ServiceConfigFilePath: C:\Users\Public\Documents\aaaSummer2023\cbr-platform-github\test\gh-deploy-stg\deploy-staging\.service
[2023-06-07 00:20:19Z INFO CommandSettings] Flag 'help': 'False'
[2023-06-07 00:20:19Z INFO CommandSettings] Flag 'version': 'False'
[2023-06-07 00:20:19Z INFO CommandSettings] Flag 'commit': 'False'
[2023-06-07 00:20:19Z INFO CommandSettings] Flag 'check': 'False'
[2023-06-07 00:20:19Z INFO CommandSettings] Command 'configure': 'True'
[2023-06-07 00:20:19Z INFO Terminal] WRITE LINE: 
[2023-06-07 00:20:19Z INFO Terminal] WRITE LINE: --------------------------------------------------------------------------------
[2023-06-07 00:20:19Z INFO Terminal] WRITE LINE: |        ____ _ _   _   _       _          _        _   _                      |
[2023-06-07 00:20:19Z INFO Terminal] WRITE LINE: |       / ___(_) |_| | | |_   _| |__      / \   ___| |_(_) ___  _ __  ___      |
[2023-06-07 00:20:19Z INFO Terminal] WRITE LINE: |      | |  _| | __| |_| | | | | '_ \    / _ \ / __| __| |/ _ \| '_ \/ __|     |
[2023-06-07 00:20:19Z INFO Terminal] WRITE LINE: |      | |_| | | |_|  _  | |_| | |_) |  / ___ \ (__| |_| | (_) | | | \__ \     |
[2023-06-07 00:20:19Z INFO Terminal] WRITE LINE: |       \____|_|\__|_| |_|\__,_|_.__/  /_/   \_\___|\__|_|\___/|_| |_|___/     |
[2023-06-07 00:20:19Z INFO Terminal] WRITE LINE: |                                                                              |
[2023-06-07 00:20:19Z INFO Terminal] WRITE: |                       
[2023-06-07 00:20:19Z INFO Terminal] WRITE: Self-hosted runner registration
[2023-06-07 00:20:19Z INFO Terminal] WRITE LINE:                         |
[2023-06-07 00:20:19Z INFO Terminal] WRITE LINE: |                                                                              |
[2023-06-07 00:20:19Z INFO Terminal] WRITE LINE: --------------------------------------------------------------------------------
[2023-06-07 00:20:19Z INFO ConfigurationManager] ConfigureAsync
[2023-06-07 00:20:19Z INFO CommandSettings] Flag 'generateServiceConfig': 'False'
[2023-06-07 00:20:19Z INFO ConfigurationStore] IsConfigured()
[2023-06-07 00:20:19Z INFO ConfigurationStore] IsConfigured: False
[2023-06-07 00:20:19Z INFO ConfigurationManager] Is configured: False
[2023-06-07 00:20:19Z INFO CommandSettings] Arg 'url': 'https://github.com/vbui512/test'
[2023-06-07 00:20:19Z INFO CommandSettings] Remove url from Arg dictionary.
[2023-06-07 00:20:19Z INFO CommandSettings] Arg 'token': '***'
[2023-06-07 00:20:19Z INFO CommandSettings] Remove token from Arg dictionary.
[2023-06-07 00:20:20Z INFO ConfigurationManager] Http response code: OK from 'POST https://api.github.com/actions/runner-registration' (C875:5474:A8E1F:15B2C0:647FCD44)
[2023-06-07 00:20:20Z INFO Terminal] WRITE LINE: Using V2 flow: False
[2023-06-07 00:20:20Z INFO ConfigurationManager] cred retrieved via GitHub auth
[2023-06-07 00:20:20Z INFO RunnerServer] EstablishVssConnection
[2023-06-07 00:20:20Z INFO RunnerServer] Establish connection with 100 seconds timeout.
[2023-06-07 00:20:20Z INFO GitHubActionsService] Starting operation Location.GetConnectionData
[2023-06-07 00:20:20Z INFO RunnerServer] EstablishVssConnection
[2023-06-07 00:20:20Z INFO RunnerServer] Establish connection with 60 seconds timeout.
[2023-06-07 00:20:20Z INFO GitHubActionsService] Starting operation Location.GetConnectionData
[2023-06-07 00:20:20Z INFO RunnerServer] EstablishVssConnection
[2023-06-07 00:20:20Z INFO RunnerServer] Establish connection with 60 seconds timeout.
[2023-06-07 00:20:20Z INFO GitHubActionsService] Starting operation Location.GetConnectionData
[2023-06-07 00:20:21Z INFO GitHubActionsService] Finished operation Location.GetConnectionData
[2023-06-07 00:20:21Z INFO GitHubActionsService] Finished operation Location.GetConnectionData
[2023-06-07 00:20:21Z INFO GitHubActionsService] Finished operation Location.GetConnectionData
[2023-06-07 00:20:21Z INFO Terminal] WRITE LINE: 
[2023-06-07 00:20:21Z INFO ConfigurationManager] Test Connection complete.
[2023-06-07 00:20:21Z INFO HostContext] Well known directory 'Bin': 'C:\Users\Public\Documents\aaaSummer2023\cbr-platform-github\test\gh-deploy-stg\deploy-staging\bin'
[2023-06-07 00:20:21Z INFO HostContext] Well known directory 'Root': 'C:\Users\Public\Documents\aaaSummer2023\cbr-platform-github\test\gh-deploy-stg\deploy-staging'
[2023-06-07 00:20:21Z INFO HostContext] Well known config file 'RSACredentials': 'C:\Users\Public\Documents\aaaSummer2023\cbr-platform-github\test\gh-deploy-stg\deploy-staging\.credentials_rsaparams'
[2023-06-07 00:20:21Z INFO RSAEncryptedFileKeyManager] Creating new RSA key using 2048-bit key length
[2023-06-07 00:20:21Z INFO RSAEncryptedFileKeyManager] Successfully saved RSA key parameters to file C:\Users\Public\Documents\aaaSummer2023\cbr-platform-github\test\gh-deploy-stg\deploy-staging\.credentials_rsaparams
[2023-06-07 00:20:21Z INFO CommandSettings] Arg 'runnergroup': ''
[2023-06-07 00:20:21Z INFO CommandSettings] Flag 'unattended': 'False'
[2023-06-07 00:20:21Z INFO PromptManager] ReadValue
[2023-06-07 00:20:21Z INFO Terminal] WRITE: Enter the name of the runner group to add this runner to: 
[2023-06-07 00:20:21Z INFO Terminal] WRITE: [press Enter for Default] 
[2023-06-07 00:20:21Z INFO Terminal] READ LINE
[2023-06-07 00:20:22Z INFO Terminal] Read value: ''
[2023-06-07 00:20:22Z INFO PromptManager] Falling back to the default: 'Default'
[2023-06-07 00:20:22Z INFO Terminal] WRITE LINE: 
[2023-06-07 00:20:22Z INFO ConfigurationManager] Found a self-hosted runner group with id 1 and name Default
[2023-06-07 00:20:22Z INFO CommandSettings] Flag 'disableupdate': 'False'
[2023-06-07 00:20:22Z INFO CommandSettings] Flag 'ephemeral': 'False'
[2023-06-07 00:20:22Z INFO CommandSettings] Arg 'name': ''
[2023-06-07 00:20:22Z INFO CommandSettings] Flag 'unattended': 'False'
[2023-06-07 00:20:22Z INFO PromptManager] ReadValue
[2023-06-07 00:20:22Z INFO Terminal] WRITE: Enter the name of runner: 
[2023-06-07 00:20:22Z INFO Terminal] WRITE: [press Enter for DESKTOP-73TG7H7] 
[2023-06-07 00:20:22Z INFO Terminal] READ LINE
[2023-06-07 00:20:25Z INFO Terminal] Read value: 'deploy-staging'
[2023-06-07 00:20:25Z INFO Terminal] WRITE LINE: 
[2023-06-07 00:20:25Z INFO CommandSettings] Arg 'labels': ''
[2023-06-07 00:20:25Z INFO CommandSettings] Flag 'unattended': 'False'
[2023-06-07 00:20:25Z INFO PromptManager] ReadValue
[2023-06-07 00:20:25Z INFO Terminal] WRITE: This runner will have the following labels: 'self-hosted', 'Windows', 'X64' 
Enter any additional labels (ex. label-1,label-2): 
[2023-06-07 00:20:25Z INFO Terminal] WRITE: [press Enter to skip] 
[2023-06-07 00:20:25Z INFO Terminal] READ LINE
[2023-06-07 00:20:28Z INFO Terminal] Read value: 'deploy-staging'
[2023-06-07 00:20:28Z INFO Terminal] WRITE LINE: 
[2023-06-07 00:20:28Z INFO CommandSettings] Flag 'disableupdate': 'False'
[2023-06-07 00:20:28Z INFO CommandSettings] Flag 'disableupdate': 'False'
[2023-06-07 00:20:28Z INFO CommandSettings] Flag 'ephemeral': 'False'
[2023-06-07 00:20:28Z INFO ConfigurationStore] Saving OAuth credential @ C:\Users\Public\Documents\aaaSummer2023\cbr-platform-github\test\gh-deploy-stg\deploy-staging\.credentials
[2023-06-07 00:20:28Z INFO ConfigurationStore] Credentials Saved.
[2023-06-07 00:20:28Z INFO ConfigurationStore] HasCredentials()
[2023-06-07 00:20:28Z INFO ConfigurationStore] stored True
[2023-06-07 00:20:28Z INFO CredentialManager] GetCredentialProvider
[2023-06-07 00:20:28Z INFO CredentialManager] Creating type OAuth
[2023-06-07 00:20:28Z INFO CredentialManager] Creating credential type: OAuth
[2023-06-07 00:20:28Z INFO RSAEncryptedFileKeyManager] Loading RSA key parameters from file C:\Users\Public\Documents\aaaSummer2023\cbr-platform-github\test\gh-deploy-stg\deploy-staging\.credentials_rsaparams
[2023-06-07 00:20:28Z INFO RunnerServer] EstablishVssConnection
[2023-06-07 00:20:28Z INFO RunnerServer] Establish connection with 100 seconds timeout.
[2023-06-07 00:20:28Z INFO GitHubActionsService] Starting operation Location.GetConnectionData
[2023-06-07 00:20:28Z INFO RunnerServer] EstablishVssConnection
[2023-06-07 00:20:28Z INFO RunnerServer] Establish connection with 60 seconds timeout.
[2023-06-07 00:20:28Z INFO GitHubActionsService] Starting operation Location.GetConnectionData
[2023-06-07 00:20:28Z INFO RunnerServer] EstablishVssConnection
[2023-06-07 00:20:28Z INFO RunnerServer] Establish connection with 60 seconds timeout.
[2023-06-07 00:20:28Z INFO GitHubActionsService] Starting operation Location.GetConnectionData
[2023-06-07 00:20:29Z INFO GitHubActionsService] Finished operation Location.GetConnectionData
[2023-06-07 00:20:29Z INFO GitHubActionsService] Finished operation Location.GetConnectionData
[2023-06-07 00:20:29Z INFO GitHubActionsService] Finished operation Location.GetConnectionData
[2023-06-07 00:20:29Z INFO RSAEncryptedFileKeyManager] Loading RSA key parameters from file C:\Users\Public\Documents\aaaSummer2023\cbr-platform-github\test\gh-deploy-stg\deploy-staging\.credentials_rsaparams
[2023-06-07 00:20:29Z INFO RSAEncryptedFileKeyManager] Loading RSA key parameters from file C:\Users\Public\Documents\aaaSummer2023\cbr-platform-github\test\gh-deploy-stg\deploy-staging\.credentials_rsaparams
[2023-06-07 00:20:29Z INFO GitHubActionsService] AAD Correlation ID for this token request: Unknown
[2023-06-07 00:20:29Z INFO CommandSettings] Arg 'work': ''
[2023-06-07 00:20:29Z INFO CommandSettings] Flag 'unattended': 'False'
[2023-06-07 00:20:29Z INFO PromptManager] ReadValue
[2023-06-07 00:20:29Z INFO Terminal] WRITE: Enter name of work folder: 
[2023-06-07 00:20:29Z INFO Terminal] WRITE: [press Enter for _work] 
[2023-06-07 00:20:29Z INFO Terminal] READ LINE
[2023-06-07 00:20:30Z INFO Terminal] Read value: ''
[2023-06-07 00:20:30Z INFO PromptManager] Falling back to the default: '_work'
[2023-06-07 00:20:30Z INFO ConfigurationStore] Saving runner settings.
[2023-06-07 00:20:30Z INFO ConfigurationStore] Settings Saved.
[2023-06-07 00:20:30Z INFO Terminal] WRITE LINE: 
[2023-06-07 00:20:30Z INFO Terminal] WRITE LINE: 
[2023-06-07 00:20:30Z INFO CommandSettings] Flag 'runasservice': 'False'
[2023-06-07 00:20:30Z INFO CommandSettings] Flag 'unattended': 'False'
[2023-06-07 00:20:30Z INFO PromptManager] ReadValue
[2023-06-07 00:20:30Z INFO Terminal] WRITE: Would you like to run the runner as service? (Y/N) 
[2023-06-07 00:20:30Z INFO Terminal] WRITE: [press Enter for N] 
[2023-06-07 00:20:30Z INFO Terminal] READ LINE
[2023-06-07 00:20:32Z INFO Terminal] Read value: 'y'
[2023-06-07 00:20:32Z INFO ConfigurationManager] Configuring to run the agent as service
[2023-06-07 00:20:32Z INFO CommandSettings] Arg 'windowslogonaccount': ''
[2023-06-07 00:20:32Z INFO CommandSettings] Flag 'unattended': 'False'
[2023-06-07 00:20:32Z INFO PromptManager] ReadValue
[2023-06-07 00:20:32Z INFO Terminal] WRITE: User account to use for the service 
[2023-06-07 00:20:32Z INFO Terminal] WRITE: [press Enter for NT AUTHORITY\NETWORK SERVICE] 
[2023-06-07 00:20:32Z INFO Terminal] READ LINE
[2023-06-07 00:20:33Z INFO Terminal] Read value: ''
[2023-06-07 00:20:33Z INFO PromptManager] Falling back to the default: 'NT AUTHORITY\NETWORK SERVICE'
[2023-06-07 00:20:33Z INFO WindowsServiceControlManager] LogonAccount after transforming: NT AUTHORITY\NETWORK SERVICE, user: NETWORK SERVICE, domain: NT AUTHORITY
[2023-06-07 00:20:33Z INFO WindowsServiceControlManager] Service name 'actions.runner.vbui512-test.deploy-staging' display name 'GitHub Actions Runner (vbui512-test.deploy-staging)' will be used for service configuration.
[2023-06-07 00:20:33Z INFO WindowsServiceControlManager] Verifying if the account has LogonAsService permission
[2023-06-07 00:20:33Z INFO WindowsServiceControlManager] Account: NT AUTHORITY\NETWORK SERVICE already has Logon As Service Privilege.
[2023-06-07 00:20:33Z INFO WindowsServiceControlManager] Create local group and grant folder permission to service logon account.
[2023-06-07 00:20:33Z INFO HostContext] Well known directory 'Bin': 'C:\Users\Public\Documents\aaaSummer2023\cbr-platform-github\test\gh-deploy-stg\deploy-staging\bin'
[2023-06-07 00:20:33Z INFO HostContext] Well known directory 'Root': 'C:\Users\Public\Documents\aaaSummer2023\cbr-platform-github\test\gh-deploy-stg\deploy-staging'
[2023-06-07 00:20:33Z INFO ConfigurationStore] Read setting file: 291 chars
[2023-06-07 00:20:33Z INFO HostContext] Well known directory 'Bin': 'C:\Users\Public\Documents\aaaSummer2023\cbr-platform-github\test\gh-deploy-stg\deploy-staging\bin'
[2023-06-07 00:20:33Z INFO HostContext] Well known directory 'Root': 'C:\Users\Public\Documents\aaaSummer2023\cbr-platform-github\test\gh-deploy-stg\deploy-staging'
[2023-06-07 00:20:33Z INFO HostContext] Well known directory 'Work': 'C:\Users\Public\Documents\aaaSummer2023\cbr-platform-github\test\gh-deploy-stg\deploy-staging\_work'
[2023-06-07 00:20:33Z INFO HostContext] Well known directory 'Bin': 'C:\Users\Public\Documents\aaaSummer2023\cbr-platform-github\test\gh-deploy-stg\deploy-staging\bin'
[2023-06-07 00:20:33Z INFO NativeWindowsServiceHelper] Calculated unique group name GITHUB_ActionsRunner_G0e3fb
[2023-06-07 00:20:33Z INFO NativeWindowsServiceHelper] Trying to create group GITHUB_ActionsRunner_G0e3fb
[2023-06-07 00:20:33Z INFO NativeWindowsServiceHelper] Local Group 'GITHUB_ActionsRunner_G0e3fb' created
[2023-06-07 00:20:33Z INFO NativeWindowsServiceHelper] Trying to add userName NT AUTHORITY\NETWORK SERVICE to the group GITHUB_ActionsRunner_G0e3fb
[2023-06-07 00:20:33Z INFO NativeWindowsServiceHelper] Account 'NT AUTHORITY\NETWORK SERVICE' is added to local group 'GITHUB_ActionsRunner_G0e3fb'.
[2023-06-07 00:20:33Z INFO NativeWindowsServiceHelper] Set full access control to group for the folder C:\Users\Public\Documents\aaaSummer2023\cbr-platform-github\test\gh-deploy-stg\deploy-staging
[2023-06-07 00:20:33Z INFO NativeWindowsServiceHelper] Set full access control to group for the folder C:\Users\Public\Documents\aaaSummer2023\cbr-platform-github\test\gh-deploy-stg\deploy-staging\_work
[2023-06-07 00:20:33Z INFO NativeWindowsServiceHelper] Local group 'GITHUB_ActionsRunner_G0e3fb' already has full control to path 'C:\Users\Public\Documents\aaaSummer2023\cbr-platform-github\test\gh-deploy-stg\deploy-staging\_work'.
[2023-06-07 00:20:33Z INFO Terminal] WRITE LINE: Granting file permissions to 'NT AUTHORITY\NETWORK SERVICE'.
[2023-06-07 00:20:33Z INFO HostContext] Well known directory 'Bin': 'C:\Users\Public\Documents\aaaSummer2023\cbr-platform-github\test\gh-deploy-stg\deploy-staging\bin'
[2023-06-07 00:20:33Z INFO ProcessInvokerWrapper] Starting process:
[2023-06-07 00:20:33Z INFO ProcessInvokerWrapper]   File name: '"C:\Users\Public\Documents\aaaSummer2023\cbr-platform-github\test\gh-deploy-stg\deploy-staging\bin\RunnerService.exe"'
[2023-06-07 00:20:33Z INFO ProcessInvokerWrapper]   Arguments: 'init'
[2023-06-07 00:20:33Z INFO ProcessInvokerWrapper]   Working directory: ''
[2023-06-07 00:20:33Z INFO ProcessInvokerWrapper]   Require exit code zero: 'True'
[2023-06-07 00:20:33Z INFO ProcessInvokerWrapper]   Encoding web name:  ; code page: ''
[2023-06-07 00:20:33Z INFO ProcessInvokerWrapper]   Force kill process on cancellation: 'False'
[2023-06-07 00:20:33Z INFO ProcessInvokerWrapper]   Redirected STDIN: 'False'
[2023-06-07 00:20:33Z INFO ProcessInvokerWrapper]   Persist current code page: 'False'
[2023-06-07 00:20:33Z INFO ProcessInvokerWrapper]   Keep redirected STDIN open: 'False'
[2023-06-07 00:20:33Z INFO ProcessInvokerWrapper]   High priority process: 'False'
[2023-06-07 00:20:33Z INFO ProcessInvokerWrapper] Process started with process id 292, waiting for process exit.
[2023-06-07 00:20:33Z INFO ProcessInvokerWrapper] STDOUT/STDERR stream read finished.
[2023-06-07 00:20:33Z INFO ProcessInvokerWrapper] STDOUT/STDERR stream read finished.
[2023-06-07 00:20:33Z INFO ProcessInvokerWrapper] Finished process 292 with exit code 0, and elapsed time 00:00:00.0605244.
[2023-06-07 00:20:33Z INFO Terminal] WRITE LINE: Service actions.runner.vbui512-test.deploy-staging successfully installed
[2023-06-07 00:20:33Z INFO Terminal] WRITE LINE: Service actions.runner.vbui512-test.deploy-staging successfully set recovery option
[2023-06-07 00:20:33Z INFO Terminal] WRITE LINE: Service actions.runner.vbui512-test.deploy-staging successfully set to delayed auto start
[2023-06-07 00:20:33Z INFO Terminal] WRITE LINE: Service actions.runner.vbui512-test.deploy-staging successfully configured
[2023-06-07 00:20:33Z INFO HostContext] Well known directory 'Bin': 'C:\Users\Public\Documents\aaaSummer2023\cbr-platform-github\test\gh-deploy-stg\deploy-staging\bin'
[2023-06-07 00:20:33Z INFO HostContext] Well known directory 'Root': 'C:\Users\Public\Documents\aaaSummer2023\cbr-platform-github\test\gh-deploy-stg\deploy-staging'
[2023-06-07 00:20:33Z INFO HostContext] Well known config file 'Service': 'C:\Users\Public\Documents\aaaSummer2023\cbr-platform-github\test\gh-deploy-stg\deploy-staging\.service'
[2023-06-07 00:20:33Z INFO WindowsServiceControlManager] Configuration was successful, trying to start the service
[2023-06-07 00:20:33Z INFO Terminal] WRITE LINE: Waiting for service to start...
[2023-06-07 00:20:33Z INFO Terminal] WRITE LINE: Service actions.runner.vbui512-test.deploy-staging started successfully
[2023-06-07 00:20:33Z INFO Listener] Runner execution has finished with return code 0
